<?xml version="1.0" encoding="UTF-8"?>
<!-- Generated by org.testng.reporters.JUnitXMLReporter -->
<testsuite hostname="DESKTOP-AMH8G6L" ignored="0" name="Test1" tests="2" failures="1" timestamp="01 Sep 2019 21:04:29 GMT" time="18.268" errors="0">
  <testcase name="testHomePageHasAHeader" time="0.085" classname="com.phptravels.PhpTravelsTest"/>
  <testcase name="testHomePageFrontEnd" time="8.268" classname="com.phptravels.PhpTravelsTest">
    <failure type="com.google.common.base.VerifyException">
      <![CDATA[com.google.common.base.VerifyException
at com.google.common.base.Verify.verify(Verify.java:99)
at com.phptravels.PhpTravelsTest.testHomePageFrontEnd(PhpTravelsTest.java:86)
... Removed 29 stack frames]]>
    </failure>
  </testcase> <!-- testHomePageFrontEnd -->
</testsuite> <!-- Test1 -->
