<?xml version="1.0" encoding="UTF-8"?>
<testng-results skipped="0" failed="0" ignored="0" total="2" passed="2">
  <reporter-output>
  </reporter-output>
  <suite name="Tests" duration-ms="16909" started-at="2019-08-27T05:26:10Z" finished-at="2019-08-27T05:26:27Z">
    <groups>
    </groups>
    <test name="Test1" duration-ms="16909" started-at="2019-08-27T05:26:10Z" finished-at="2019-08-27T05:26:27Z">
      <class name="com.phptravels.PhpTravelsTest">
        <test-method status="PASS" signature="initTestSuite()[pri:0, instance:com.phptravels.PhpTravelsTest@79be0360]" name="initTestSuite" is-config="true" duration-ms="20" started-at="2019-08-27T05:26:10Z" finished-at="2019-08-27T05:26:10Z">
          <reporter-output>
          </reporter-output>
        </test-method> <!-- initTestSuite -->
        <test-method status="PASS" signature="BeforeClass()[pri:0, instance:com.phptravels.PhpTravelsTest@79be0360]" name="BeforeClass" is-config="true" duration-ms="106" started-at="2019-08-27T05:26:10Z" finished-at="2019-08-27T05:26:10Z">
          <reporter-output>
          </reporter-output>
        </test-method> <!-- BeforeClass -->
        <test-method status="PASS" signature="initWebDriver()[pri:0, instance:com.phptravels.PhpTravelsTest@79be0360]" name="initWebDriver" is-config="true" duration-ms="2013" started-at="2019-08-27T05:26:10Z" finished-at="2019-08-27T05:26:12Z">
          <reporter-output>
          </reporter-output>
        </test-method> <!-- initWebDriver -->
        <test-method status="PASS" signature="initPageObjects()[pri:0, instance:com.phptravels.PhpTravelsTest@79be0360]" name="initPageObjects" is-config="true" duration-ms="2542" started-at="2019-08-27T05:26:12Z" finished-at="2019-08-27T05:26:15Z">
          <reporter-output>
          </reporter-output>
        </test-method> <!-- initPageObjects -->
        <test-method status="PASS" signature="testHomePageHasAHeader()[pri:1, instance:com.phptravels.PhpTravelsTest@79be0360]" name="testHomePageHasAHeader" duration-ms="51" started-at="2019-08-27T05:26:15Z" finished-at="2019-08-27T05:26:15Z">
          <reporter-output>
          </reporter-output>
        </test-method> <!-- testHomePageHasAHeader -->
        <test-method status="PASS" signature="quitDriver()[pri:0, instance:com.phptravels.PhpTravelsTest@79be0360]" name="quitDriver" is-config="true" duration-ms="89" started-at="2019-08-27T05:26:15Z" finished-at="2019-08-27T05:26:15Z">
          <reporter-output>
          </reporter-output>
        </test-method> <!-- quitDriver -->
        <test-method status="PASS" signature="initWebDriver()[pri:0, instance:com.phptravels.PhpTravelsTest@79be0360]" name="initWebDriver" is-config="true" duration-ms="1655" started-at="2019-08-27T05:26:15Z" finished-at="2019-08-27T05:26:17Z">
          <reporter-output>
          </reporter-output>
        </test-method> <!-- initWebDriver -->
        <test-method status="PASS" signature="initPageObjects()[pri:0, instance:com.phptravels.PhpTravelsTest@79be0360]" name="initPageObjects" is-config="true" duration-ms="2362" started-at="2019-08-27T05:26:17Z" finished-at="2019-08-27T05:26:19Z">
          <reporter-output>
          </reporter-output>
        </test-method> <!-- initPageObjects -->
        <test-method status="PASS" signature="testHomePageFrontEnd()[pri:3, instance:com.phptravels.PhpTravelsTest@79be0360]" name="testHomePageFrontEnd" duration-ms="7292" started-at="2019-08-27T05:26:19Z" finished-at="2019-08-27T05:26:26Z">
          <reporter-output>
          </reporter-output>
        </test-method> <!-- testHomePageFrontEnd -->
        <test-method status="PASS" signature="quitDriver()[pri:0, instance:com.phptravels.PhpTravelsTest@79be0360]" name="quitDriver" is-config="true" duration-ms="134" started-at="2019-08-27T05:26:26Z" finished-at="2019-08-27T05:26:27Z">
          <reporter-output>
          </reporter-output>
        </test-method> <!-- quitDriver -->
        <test-method status="PASS" signature="createAndStopService()[pri:0, instance:com.phptravels.PhpTravelsTest@79be0360]" name="createAndStopService" is-config="true" duration-ms="644" started-at="2019-08-27T05:26:27Z" finished-at="2019-08-27T05:26:27Z">
          <reporter-output>
          </reporter-output>
        </test-method> <!-- createAndStopService -->
        <test-method status="PASS" signature="tearDown()[pri:0, instance:com.phptravels.PhpTravelsTest@79be0360]" name="tearDown" is-config="true" duration-ms="5" started-at="2019-08-27T05:26:27Z" finished-at="2019-08-27T05:26:27Z">
          <reporter-output>
          </reporter-output>
        </test-method> <!-- tearDown -->
      </class> <!-- com.phptravels.PhpTravelsTest -->
    </test> <!-- Test1 -->
  </suite> <!-- Tests -->
</testng-results>
