<?xml version="1.0" encoding="UTF-8"?>
<testsuite xmlns:xsi="http://www.w3.org/2001/XMLSchema-instance" xsi:noNamespaceSchemaLocation="https://maven.apache.org/surefire/maven-surefire-plugin/xsd/surefire-test-report.xsd" name="TestSuite" time="17.406" tests="2" errors="0" skipped="0" failures="0">
  <properties>
[...]
</properties>
  <testcase name="testHomePageHasAHeader" classname="com.phptravels.PhpTravelsTest" time="0.051"/>
  <testcase name="testHomePageFrontEnd" classname="com.phptravels.PhpTravelsTest" time="7.293"/>
</testsuite>